[19:11:04.579] [main] INFO  com.topcard.Main (Main.java:10) - Hello and welcome!
[19:11:04.580] [main] INFO  com.topcard.Main (Main.java:15) - i = 1
[19:11:04.581] [main] INFO  com.topcard.Main (Main.java:15) - i = 2
[19:11:04.581] [main] INFO  com.topcard.Main (Main.java:15) - i = 3
[19:11:04.581] [main] INFO  com.topcard.Main (Main.java:15) - i = 4
[19:11:04.581] [main] INFO  com.topcard.Main (Main.java:15) - i = 5
[19:13:41.911] [main] INFO  com.topcard.Main (Main.java:10) - Hello and welcome!
[19:13:41.912] [main] INFO  com.topcard.Main (Main.java:15) - i = 1
[19:13:41.913] [main] INFO  com.topcard.Main (Main.java:15) - i = 2
[19:13:41.913] [main] INFO  com.topcard.Main (Main.java:15) - i = 3
[19:13:41.913] [main] INFO  com.topcard.Main (Main.java:15) - i = 4
[19:13:41.913] [main] INFO  com.topcard.Main (Main.java:15) - i = 5
[19:14:06.223] [main] INFO  com.topcard.Main (Main.java:10) - Hello and welcome!
[19:14:06.225] [main] INFO  com.topcard.Main (Main.java:15) - i = 1
[19:14:06.225] [main] INFO  com.topcard.Main (Main.java:15) - i = 2
[19:14:06.225] [main] INFO  com.topcard.Main (Main.java:15) - i = 3
[19:14:06.225] [main] INFO  com.topcard.Main (Main.java:15) - i = 4
[19:14:06.225] [main] INFO  com.topcard.Main (Main.java:15) - i = 5
[20:46:04.521] [main] INFO  com.topcard.Main (Main.java:10) - Hello and welcome!
[20:46:04.523] [main] INFO  com.topcard.Main (Main.java:16) - i = 1
[20:46:04.523] [main] INFO  com.topcard.Main (Main.java:16) - i = 2
[20:46:04.523] [main] INFO  com.topcard.Main (Main.java:16) - i = 3
[20:46:04.523] [main] INFO  com.topcard.Main (Main.java:16) - i = 4
[20:46:04.524] [main] INFO  com.topcard.Main (Main.java:16) - i = 5
[20:46:13.760] [main] INFO  com.topcard.Main (Main.java:10) - Hello and welcome!
[20:46:13.762] [main] INFO  com.topcard.Main (Main.java:16) - i = 1
[20:46:13.762] [main] INFO  com.topcard.Main (Main.java:16) - i = 2
[20:46:13.762] [main] INFO  com.topcard.Main (Main.java:16) - i = 3
[20:46:13.762] [main] INFO  com.topcard.Main (Main.java:16) - i = 4
[20:46:13.762] [main] INFO  com.topcard.Main (Main.java:16) - i = 5
[20:46:30.932] [main] INFO  com.topcard.Main (Main.java:10) - Hello and welcome!
[20:46:30.933] [main] INFO  com.topcard.Main (Main.java:14) - i = 1
[20:46:30.934] [main] INFO  com.topcard.Main (Main.java:14) - i = 2
[20:46:30.934] [main] INFO  com.topcard.Main (Main.java:14) - i = 3
[20:46:30.934] [main] INFO  com.topcard.Main (Main.java:14) - i = 4
[20:46:30.934] [main] INFO  com.topcard.Main (Main.java:14) - i = 5
[20:57:33.653] [main] INFO  com.topcard.Main (Main.java:10) - Hello and welcome!
[20:57:33.654] [main] DEBUG com.topcard.Main (Main.java:14) - i = 1
[20:57:33.654] [main] DEBUG com.topcard.Main (Main.java:14) - i = 2
[20:57:33.654] [main] DEBUG com.topcard.Main (Main.java:14) - i = 3
[20:57:33.654] [main] DEBUG com.topcard.Main (Main.java:14) - i = 4
[20:57:33.655] [main] DEBUG com.topcard.Main (Main.java:14) - i = 5
[20:58:13.184] [main] INFO  com.topcard.Main (Main.java:10) - Hello and welcome!
[20:58:13.185] [main] DEBUG com.topcard.Main (Main.java:12) - i = 1
[20:58:13.185] [main] DEBUG com.topcard.Main (Main.java:12) - i = 2
[20:58:13.185] [main] DEBUG com.topcard.Main (Main.java:12) - i = 3
[20:58:13.185] [main] DEBUG com.topcard.Main (Main.java:12) - i = 4
[20:58:13.185] [main] DEBUG com.topcard.Main (Main.java:12) - i = 5
[21:13:52.049] [main] INFO  com.topcard.Main (Main.java:11) - Hello and welcome!
[21:13:52.054] [main] DEBUG com.topcard.Main (Main.java:13) - i = 1
[21:13:52.054] [main] DEBUG com.topcard.Main (Main.java:13) - i = 2
[21:13:52.054] [main] DEBUG com.topcard.Main (Main.java:13) - i = 3
[21:13:52.054] [main] DEBUG com.topcard.Main (Main.java:13) - i = 4
[21:13:52.054] [main] DEBUG com.topcard.Main (Main.java:13) - i = 5
[21:14:25.344] [main] INFO  com.topcard.Main (Main.java:12) - Hello and welcome!
[21:14:25.344] [Thread-0] INFO  com.topcard.Main (Main.java:11) - Running inside another thread to test debug messages with thread number
[21:14:25.349] [main] DEBUG com.topcard.Main (Main.java:14) - i = 1
[21:14:25.349] [main] DEBUG com.topcard.Main (Main.java:14) - i = 2
[21:14:25.349] [main] DEBUG com.topcard.Main (Main.java:14) - i = 3
[21:14:25.350] [main] DEBUG com.topcard.Main (Main.java:14) - i = 4
[21:14:25.350] [main] DEBUG com.topcard.Main (Main.java:14) - i = 5
[21:14:36.857] [Thread-0] INFO  com.topcard.Main (Main.java:11) - Running inside another thread to test debug messages with thread number
[21:14:36.857] [Thread-1] INFO  com.topcard.Main (Main.java:12) - Running inside another thread to test debug messages with thread number
[21:14:36.857] [main] INFO  com.topcard.Main (Main.java:13) - Hello and welcome!
[21:14:36.863] [main] DEBUG com.topcard.Main (Main.java:15) - i = 1
[21:14:36.863] [main] DEBUG com.topcard.Main (Main.java:15) - i = 2
[21:14:36.863] [main] DEBUG com.topcard.Main (Main.java:15) - i = 3
[21:14:36.863] [main] DEBUG com.topcard.Main (Main.java:15) - i = 4
[21:14:36.864] [main] DEBUG com.topcard.Main (Main.java:15) - i = 5
[21:33:42.625] [main] INFO  com.topcard.presentation.controller.LoginController (LoginController.java:51) - Initializing Login Controller
[21:33:55.583] [AWT-EventQueue-0] INFO  com.topcard.presentation.controller.SignUpController (SignUpController.java:52) - Initializing SignUp Controller
[21:34:12.527] [AWT-EventQueue-0] INFO  com.topcard.service.player.PlayerService (PlayerService.java:64) - Player added: Player{playerId=5, username='a', firstName='a', lastName='a', dateOfBirth=2020-10-10, age=4, points=100, isAdmin=false, isLoggedIn=false}
[21:34:20.874] [AWT-EventQueue-0] INFO  com.topcard.presentation.controller.OptionsController (OptionsController.java:64) - Initializing Option Controller
[21:34:23.178] [JavaFX Application Thread] INFO  com.topcard.presentation.view.GameView (GameView.java:50) - Starting GameView
[21:34:23.179] [JavaFX Application Thread] INFO  com.topcard.presentation.view.GameView (GameView.java:53) - Attempting to load FXML from: /com/topcard/presentation/GameView.fxml
[21:34:25.652] [JavaFX Application Thread] INFO  com.topcard.presentation.controller.GameController (GameController.java:98) - Start Game button pressed
[21:34:25.654] [JavaFX Application Thread] WARN  com.topcard.service.player.PlayerService (PlayerService.java:67) - Player already exists. No player added.
[21:34:25.654] [JavaFX Application Thread] WARN  com.topcard.service.player.PlayerService (PlayerService.java:67) - Player already exists. No player added.
[21:34:25.655] [JavaFX Application Thread] WARN  com.topcard.service.player.PlayerService (PlayerService.java:67) - Player already exists. No player added.
[21:34:25.655] [JavaFX Application Thread] WARN  com.topcard.service.player.PlayerService (PlayerService.java:67) - Player already exists. No player added.
[21:34:25.656] [JavaFX Application Thread] INFO  com.topcard.domain.Game (Game.java:36) - Game created.
[21:34:25.657] [JavaFX Application Thread] INFO  com.topcard.domain.Deck (Deck.java:43) - Deck created.
[21:34:30.344] [JavaFX Application Thread] INFO  com.topcard.presentation.controller.GameController (GameController.java:98) - Start Game button pressed
[21:34:30.344] [JavaFX Application Thread] WARN  com.topcard.service.player.PlayerService (PlayerService.java:67) - Player already exists. No player added.
[21:34:30.345] [JavaFX Application Thread] WARN  com.topcard.service.player.PlayerService (PlayerService.java:67) - Player already exists. No player added.
[21:34:30.345] [JavaFX Application Thread] WARN  com.topcard.service.player.PlayerService (PlayerService.java:67) - Player already exists. No player added.
[21:34:30.345] [JavaFX Application Thread] WARN  com.topcard.service.player.PlayerService (PlayerService.java:67) - Player already exists. No player added.
[21:34:30.346] [JavaFX Application Thread] INFO  com.topcard.domain.Game (Game.java:36) - Game created.
[21:34:30.346] [JavaFX Application Thread] INFO  com.topcard.domain.Deck (Deck.java:43) - Deck created.
[21:34:30.346] [JavaFX Application Thread] INFO  com.topcard.presentation.controller.GameController (GameController.java:139) - Bet amount: 1
[21:34:30.348] [JavaFX Application Thread] INFO  com.topcard.service.player.PlayerService (PlayerService.java:137) - Player's points updated: Player{playerId=3, username='michael', firstName='Michael', lastName='Smith', dateOfBirth=1985-11-25, age=39, points=119, isAdmin=false, isLoggedIn=false}
[21:34:30.348] [JavaFX Application Thread] INFO  com.topcard.service.player.PlayerService (PlayerService.java:137) - Player's points updated: Player{playerId=2, username='donald', firstName='SuperDonald', lastName='Duck', dateOfBirth=1995-06-15, age=30, points=79, isAdmin=false, isLoggedIn=false}
[21:34:30.349] [JavaFX Application Thread] INFO  com.topcard.service.player.PlayerService (PlayerService.java:137) - Player's points updated: Player{playerId=4, username='rajesh', firstName='Rajesh', lastName='Rajchal', dateOfBirth=1980-04-10, age=45, points=91, isAdmin=false, isLoggedIn=false}
[21:34:30.349] [JavaFX Application Thread] INFO  com.topcard.service.player.PlayerService (PlayerService.java:137) - Player's points updated: Player{playerId=5, username='a', firstName='a', lastName='a', dateOfBirth=2020-10-10, age=4, points=101, isAdmin=false, isLoggedIn=false}
[21:34:30.349] [JavaFX Application Thread] INFO  com.topcard.presentation.controller.GameController (GameController.java:183) - Attempting to load image from path: /images/SEVEN OF CLUBS.JPG
[21:34:30.350] [JavaFX Application Thread] INFO  com.topcard.presentation.controller.GameController (GameController.java:186) - Successfully loaded image: /images/SEVEN OF CLUBS.JPG
[21:34:30.350] [JavaFX Application Thread] INFO  com.topcard.presentation.controller.GameController (GameController.java:183) - Attempting to load image from path: /images/QUEEN OF HEARTS.JPG
[21:34:30.350] [JavaFX Application Thread] INFO  com.topcard.presentation.controller.GameController (GameController.java:186) - Successfully loaded image: /images/QUEEN OF HEARTS.JPG
[21:34:30.351] [JavaFX Application Thread] INFO  com.topcard.presentation.controller.GameController (GameController.java:183) - Attempting to load image from path: /images/KING OF DIAMONDS.JPG
[21:34:30.351] [JavaFX Application Thread] INFO  com.topcard.presentation.controller.GameController (GameController.java:186) - Successfully loaded image: /images/KING OF DIAMONDS.JPG
[21:34:30.351] [JavaFX Application Thread] INFO  com.topcard.presentation.controller.GameController (GameController.java:183) - Attempting to load image from path: /images/ACE OF SPADES.JPG
[21:34:30.351] [JavaFX Application Thread] INFO  com.topcard.presentation.controller.GameController (GameController.java:186) - Successfully loaded image: /images/ACE OF SPADES.JPG
[21:34:30.351] [JavaFX Application Thread] INFO  com.topcard.presentation.controller.GameController (GameController.java:183) - Attempting to load image from path: /images/TWO OF SPADES.JPG
[21:34:30.352] [JavaFX Application Thread] INFO  com.topcard.presentation.controller.GameController (GameController.java:186) - Successfully loaded image: /images/TWO OF SPADES.JPG
[21:34:30.352] [JavaFX Application Thread] INFO  com.topcard.presentation.controller.GameController (GameController.java:183) - Attempting to load image from path: /images/ACE OF HEARTS.JPG
[21:34:30.352] [JavaFX Application Thread] INFO  com.topcard.presentation.controller.GameController (GameController.java:186) - Successfully loaded image: /images/ACE OF HEARTS.JPG
[21:34:30.352] [JavaFX Application Thread] INFO  com.topcard.presentation.controller.GameController (GameController.java:183) - Attempting to load image from path: /images/SIX OF SPADES.JPG
[21:34:30.352] [JavaFX Application Thread] INFO  com.topcard.presentation.controller.GameController (GameController.java:186) - Successfully loaded image: /images/SIX OF SPADES.JPG
[21:34:30.352] [JavaFX Application Thread] INFO  com.topcard.presentation.controller.GameController (GameController.java:183) - Attempting to load image from path: /images/THREE OF DIAMONDS.JPG
[21:34:30.353] [JavaFX Application Thread] INFO  com.topcard.presentation.controller.GameController (GameController.java:186) - Successfully loaded image: /images/THREE OF DIAMONDS.JPG
[21:34:30.353] [JavaFX Application Thread] INFO  com.topcard.presentation.controller.GameController (GameController.java:183) - Attempting to load image from path: /images/JACK OF CLUBS.JPG
[21:34:30.353] [JavaFX Application Thread] INFO  com.topcard.presentation.controller.GameController (GameController.java:186) - Successfully loaded image: /images/JACK OF CLUBS.JPG
[21:34:30.353] [JavaFX Application Thread] INFO  com.topcard.presentation.controller.GameController (GameController.java:183) - Attempting to load image from path: /images/EIGHT OF CLUBS.JPG
[21:34:30.353] [JavaFX Application Thread] INFO  com.topcard.presentation.controller.GameController (GameController.java:186) - Successfully loaded image: /images/EIGHT OF CLUBS.JPG
[21:34:30.353] [JavaFX Application Thread] INFO  com.topcard.presentation.controller.GameController (GameController.java:183) - Attempting to load image from path: /images/KING OF CLUBS.JPG
[21:34:30.354] [JavaFX Application Thread] INFO  com.topcard.presentation.controller.GameController (GameController.java:186) - Successfully loaded image: /images/KING OF CLUBS.JPG
[21:34:30.354] [JavaFX Application Thread] INFO  com.topcard.presentation.controller.GameController (GameController.java:183) - Attempting to load image from path: /images/TEN OF DIAMONDS.JPG
[21:34:30.354] [JavaFX Application Thread] INFO  com.topcard.presentation.controller.GameController (GameController.java:186) - Successfully loaded image: /images/TEN OF DIAMONDS.JPG
[18:12:22.672] [main] INFO  com.topcard.presentation.controller.LoginController (LoginController.java:51) - Initializing Login Controller
[18:12:27.094] [AWT-EventQueue-0] INFO  com.topcard.presentation.controller.OptionsController (OptionsController.java:64) - Initializing Option Controller
[18:12:29.287] [JavaFX Application Thread] INFO  com.topcard.presentation.view.GameView (GameView.java:50) - Starting GameView
[18:12:29.288] [JavaFX Application Thread] INFO  com.topcard.presentation.view.GameView (GameView.java:53) - Attempting to load FXML from: /com/topcard/presentation/GameView.fxml
[18:20:12.477] [main] INFO  com.topcard.presentation.controller.LoginController (LoginController.java:51) - Initializing Login Controller
[18:20:28.559] [AWT-EventQueue-0] INFO  com.topcard.presentation.controller.OptionsController (OptionsController.java:64) - Initializing Option Controller
[18:20:31.201] [JavaFX Application Thread] INFO  com.topcard.presentation.view.GameView (GameView.java:50) - Starting GameView
[18:20:31.201] [JavaFX Application Thread] INFO  com.topcard.presentation.view.GameView (GameView.java:53) - Attempting to load FXML from: /com/topcard/presentation/GameView.fxml
[18:20:37.988] [AWT-EventQueue-0] ERROR com.topcard.app.MainApp (MainApp.java:235) - Failed to load log4j2.properties: config\log4j2.properties
[18:20:51.501] [AWT-EventQueue-0] ERROR com.topcard.app.MainApp (MainApp.java:235) - Failed to load log4j2.properties: config\log4j2.properties
[18:25:29.261] [main] INFO  com.topcard.presentation.controller.LoginController (LoginController.java:51) - Initializing Login Controller
[18:25:31.501] [AWT-EventQueue-0] INFO  com.topcard.app.MainApp (MainApp.java:249) - Logging level updated to error
[18:25:36.948] [AWT-EventQueue-0] INFO  com.topcard.app.MainApp (MainApp.java:249) - Logging level updated to debug
[18:25:44.199] [AWT-EventQueue-0] INFO  com.topcard.app.MainApp (MainApp.java:249) - Logging level updated to error
[18:28:00.202] [main] INFO  com.topcard.presentation.controller.LoginController (LoginController.java:51) - Initializing Login Controller
[18:28:01.954] [AWT-EventQueue-0] ERROR com.topcard.app.MainApp (MainApp.java:251) - Failed to save log4j2.properties: resources\log4j2.properties
[19:47:42.808] [main] INFO  com.topcard.presentation.controller.LoginController (LoginController.java:51) - Initializing Login Controller
[19:47:45.702] [AWT-EventQueue-0] INFO  com.topcard.app.MainApp (MainApp.java:249) - Logging level updated to error
[19:48:45.217] [main] INFO  com.topcard.presentation.controller.LoginController (LoginController.java:51) - Initializing Login Controller
[19:48:47.661] [AWT-EventQueue-0] INFO  com.topcard.app.MainApp (MainApp.java:249) - Logging level updated to error
[19:51:56.820] [main] INFO  com.topcard.presentation.controller.LoginController (LoginController.java:51) - Initializing Login Controller
[19:52:26.970] [main] INFO  com.topcard.presentation.controller.LoginController (LoginController.java:51) - Initializing Login Controller
[19:53:14.407] [main] INFO  com.topcard.presentation.controller.LoginController (LoginController.java:51) - Initializing Login Controller
[19:53:59.147] [main] INFO  com.topcard.presentation.controller.LoginController (LoginController.java:51) - Initializing Login Controller
[19:54:01.121] [AWT-EventQueue-0] INFO  com.topcard.app.MainApp (MainApp.java:235) - Changing log level
[19:55:10.194] [main] INFO  com.topcard.presentation.controller.LoginController (LoginController.java:51) - Initializing Login Controller
[19:55:14.323] [AWT-EventQueue-0] INFO  com.topcard.app.MainApp (MainApp.java:260) - ✅ Logging level changed to DEBUG
[19:55:46.647] [AWT-EventQueue-0] INFO  com.topcard.app.MainApp (MainApp.java:260) - ✅ Logging level changed to DEBUG
[19:56:05.871] [AWT-EventQueue-0] INFO  com.topcard.app.MainApp (MainApp.java:260) - ✅ Logging level changed to DEBUG
[19:59:38.794] [AWT-EventQueue-0] INFO  com.topcard.app.MainApp (MainApp.java:250) - Logging level updated to: DEBUG
[19:59:48.136] [AWT-EventQueue-0] INFO  com.topcard.app.MainApp (MainApp.java:250) - Logging level updated to: DEBUG
[19:59:57.553] [AWT-EventQueue-0] INFO  com.topcard.app.MainApp (MainApp.java:250) - Logging level updated to: DEBUG
[20:01:11.010] [AWT-EventQueue-0] INFO  com.topcard.app.MainApp (MainApp.java:250) - Logging level updated to: DEBUG
[20:01:27.127] [main] INFO  com.topcard.presentation.controller.LoginController (LoginController.java:51) - Initializing Login Controller
[20:01:30.355] [AWT-EventQueue-0] INFO  com.topcard.app.MainApp (MainApp.java:250) - Logging level updated to: DEBUG
[20:04:32.386] [main] INFO  com.topcard.presentation.controller.LoginController (LoginController.java:51) - Initializing Login Controller
[20:04:34.728] [AWT-EventQueue-0] INFO  com.topcard.app.MainApp (MainApp.java:247) - Successfully updated log4j2.properties file.
[20:04:34.734] [AWT-EventQueue-0] INFO  com.topcard.app.MainApp (MainApp.java:259) - Log4j2 reconfigured from file. Current in-memory logging level for MainApp: DEBUG
[20:04:34.734] [AWT-EventQueue-0] INFO  com.topcard.app.MainApp (MainApp.java:266) - Attempted to set logging level to: DEBUG
[20:04:45.590] [AWT-EventQueue-0] INFO  com.topcard.app.MainApp (MainApp.java:247) - Successfully updated log4j2.properties file.
[20:05:00.728] [AWT-EventQueue-0] INFO  com.topcard.app.MainApp (MainApp.java:259) - Log4j2 reconfigured from file. Current in-memory logging level for MainApp: DEBUG
[20:05:00.728] [AWT-EventQueue-0] INFO  com.topcard.app.MainApp (MainApp.java:266) - Attempted to set logging level to: DEBUG
[20:05:03.797] [AWT-EventQueue-0] INFO  com.topcard.app.MainApp (MainApp.java:247) - Successfully updated log4j2.properties file.
[20:05:03.808] [AWT-EventQueue-0] INFO  com.topcard.app.MainApp (MainApp.java:259) - Log4j2 reconfigured from file. Current in-memory logging level for MainApp: DEBUG
[20:05:03.808] [AWT-EventQueue-0] INFO  com.topcard.app.MainApp (MainApp.java:266) - Attempted to set logging level to: DEBUG
[20:05:21.388] [AWT-EventQueue-0] INFO  com.topcard.app.MainApp (MainApp.java:259) - Log4j2 reconfigured from file. Current in-memory logging level for MainApp: DEBUG
[20:05:21.388] [AWT-EventQueue-0] INFO  com.topcard.app.MainApp (MainApp.java:266) - Attempted to set logging level to: DEBUG
[20:05:32.279] [AWT-EventQueue-0] INFO  com.topcard.app.MainApp (MainApp.java:247) - Successfully updated log4j2.properties file.
[20:05:32.279] [AWT-EventQueue-0] INFO  com.topcard.app.MainApp (MainApp.java:259) - Log4j2 reconfigured from file. Current in-memory logging level for MainApp: DEBUG
[20:05:32.279] [AWT-EventQueue-0] INFO  com.topcard.app.MainApp (MainApp.java:266) - Attempted to set logging level to: DEBUG
[20:05:34.324] [AWT-EventQueue-0] INFO  com.topcard.app.MainApp (MainApp.java:247) - Successfully updated log4j2.properties file.
[20:05:34.324] [AWT-EventQueue-0] INFO  com.topcard.app.MainApp (MainApp.java:259) - Log4j2 reconfigured from file. Current in-memory logging level for MainApp: DEBUG
[20:05:34.324] [AWT-EventQueue-0] INFO  com.topcard.app.MainApp (MainApp.java:266) - Attempted to set logging level to: DEBUG
[20:05:36.570] [AWT-EventQueue-0] INFO  com.topcard.app.MainApp (MainApp.java:247) - Successfully updated log4j2.properties file.
[20:05:36.573] [AWT-EventQueue-0] INFO  com.topcard.app.MainApp (MainApp.java:259) - Log4j2 reconfigured from file. Current in-memory logging level for MainApp: DEBUG
[20:05:36.573] [AWT-EventQueue-0] INFO  com.topcard.app.MainApp (MainApp.java:266) - Attempted to set logging level to: DEBUG
[20:06:14.199] [AWT-EventQueue-0] INFO  com.topcard.app.MainApp (MainApp.java:259) - Log4j2 reconfigured from file. Current in-memory logging level for MainApp: DEBUG
[20:06:14.214] [AWT-EventQueue-0] INFO  com.topcard.app.MainApp (MainApp.java:266) - Attempted to set logging level to: DEBUG
[20:07:24.199] [AWT-EventQueue-0] INFO  com.topcard.app.MainApp (MainApp.java:259) - Log4j2 reconfigured from file. Current in-memory logging level for MainApp: DEBUG
[20:07:24.199] [AWT-EventQueue-0] INFO  com.topcard.app.MainApp (MainApp.java:266) - Attempted to set logging level to: DEBUG
[20:08:07.845] [AWT-EventQueue-0] ERROR com.topcard.app.MainApp (MainApp.java:244) - This is the current log level: DEBUG
[20:08:07.853] [AWT-EventQueue-0] INFO  com.topcard.app.MainApp (MainApp.java:259) - Log4j2 reconfigured from file. Current in-memory logging level for MainApp: DEBUG
[20:08:07.853] [AWT-EventQueue-0] INFO  com.topcard.app.MainApp (MainApp.java:266) - Attempted to set logging level to: DEBUG
[20:08:33.354] [AWT-EventQueue-0] ERROR com.topcard.app.MainApp (MainApp.java:244) - This is the current log level: ERROR
[20:08:33.354] [AWT-EventQueue-0] INFO  com.topcard.app.MainApp (MainApp.java:247) - Successfully updated log4j2.properties file.
[20:09:51.288] [AWT-EventQueue-0] ERROR com.topcard.app.MainApp (MainApp.java:244) - This is the current log level: DEBUG
[20:09:51.292] [AWT-EventQueue-0] INFO  com.topcard.app.MainApp (MainApp.java:260) - Log4j2 reconfigured from file. Current in-memory logging level for MainApp: DEBUG
[20:09:51.292] [AWT-EventQueue-0] INFO  com.topcard.app.MainApp (MainApp.java:267) - Attempted to set logging level to: DEBUG
[20:10:11.247] [AWT-EventQueue-0] ERROR com.topcard.app.MainApp (MainApp.java:244) - This is the current log level: DEBUG
[20:10:11.247] [AWT-EventQueue-0] INFO  com.topcard.app.MainApp (MainApp.java:248) - Successfully updated log4j2.properties file at: D:\GitHub\MSSE672ComponentBasedSWDevelopment\MSSE672_Component_Based_SW\TopCard\config\log4j2.properties
[20:10:11.254] [AWT-EventQueue-0] INFO  com.topcard.app.MainApp (MainApp.java:260) - Log4j2 reconfigured from file. Current in-memory logging level for MainApp: DEBUG
[20:10:11.254] [AWT-EventQueue-0] INFO  com.topcard.app.MainApp (MainApp.java:267) - Attempted to set logging level to: DEBUG
[20:10:24.543] [AWT-EventQueue-0] ERROR com.topcard.app.MainApp (MainApp.java:244) - This is the current log level: DEBUG
[20:10:24.543] [AWT-EventQueue-0] INFO  com.topcard.app.MainApp (MainApp.java:248) - Successfully updated log4j2.properties file at: D:\GitHub\MSSE672ComponentBasedSWDevelopment\MSSE672_Component_Based_SW\TopCard\config\log4j2.properties
[20:10:24.552] [AWT-EventQueue-0] INFO  com.topcard.app.MainApp (MainApp.java:260) - Log4j2 reconfigured from file. Current in-memory logging level for MainApp: DEBUG
[20:10:24.552] [AWT-EventQueue-0] INFO  com.topcard.app.MainApp (MainApp.java:267) - Attempted to set logging level to: DEBUG
[18:13:35.057] [AWT-EventQueue-0] ERROR com.topcard.app.MainApp (MainApp.java:244) - This is the current log level: DEBUG
[18:13:35.067] [AWT-EventQueue-0] INFO  com.topcard.app.MainApp (MainApp.java:260) - Log4j2 reconfigured from file. Current in-memory logging level for MainApp: DEBUG
[18:13:35.067] [AWT-EventQueue-0] INFO  com.topcard.app.MainApp (MainApp.java:267) - Attempted to set logging level to: DEBUG
[18:13:40.965] [AWT-EventQueue-0] ERROR com.topcard.app.MainApp (MainApp.java:244) - This is the current log level: ERROR
[18:13:40.965] [AWT-EventQueue-0] INFO  com.topcard.app.MainApp (MainApp.java:248) - Successfully updated log4j2.properties file at: D:\GitHub\MSSE672ComponentBasedSWDevelopment\MSSE672_Component_Based_SW\TopCard\config\log4j2.properties
[18:28:49.205] [main] INFO  com.topcard.presentation.controller.LoginController (LoginController.java:51) - Initializing Login Controller
[18:28:55.249] [AWT-EventQueue-0] ERROR com.topcard.app.MainApp (MainApp.java:244) - This is the current log level: DEBUG
[18:28:55.251] [AWT-EventQueue-0] INFO  com.topcard.app.MainApp (MainApp.java:248) - Successfully updated log4j2.properties file at: D:\GitHub\MSSE672ComponentBasedSWDevelopment\MSSE672_Component_Based_SW\TopCard\config\log4j2.properties
[18:28:55.257] [AWT-EventQueue-0] INFO  com.topcard.app.MainApp (MainApp.java:260) - Log4j2 reconfigured from file. Current in-memory logging level for MainApp: DEBUG
[18:28:55.257] [AWT-EventQueue-0] INFO  com.topcard.app.MainApp (MainApp.java:267) - Attempted to set logging level to: DEBUG
